maze/test_maze.h(72): Warning! W726: col(84) no reference to formal parameter 's'
maze/test_maze.h(72): Note! N393: col(84) included from main.cpp(34)
maze/test_maze.h(72): Note! N392: col(44) definition: 'unsigned short s' in 'void game::draw_left_wall( unsigned short, unsigned short, unsigned short )'
maze/test_maze.h(72): Warning! W726: col(84) no reference to formal parameter 'x'
maze/test_maze.h(72): Note! N392: col(62) definition: 'unsigned short x' in 'void game::draw_left_wall( unsigned short, unsigned short, unsigned short )'
maze/test_maze.h(72): Warning! W726: col(84) no reference to formal parameter 'y'
maze/test_maze.h(72): Note! N392: col(80) definition: 'unsigned short y' in 'void game::draw_left_wall( unsigned short, unsigned short, unsigned short )'
maze/test_maze.h(74): Warning! W726: col(85) no reference to formal parameter 's'
maze/test_maze.h(74): Note! N392: col(45) definition: 'unsigned short s' in 'void game::draw_right_wall( unsigned short, unsigned short, unsigned short )'
maze/test_maze.h(74): Warning! W726: col(85) no reference to formal parameter 'x'
maze/test_maze.h(74): Note! N392: col(63) definition: 'unsigned short x' in 'void game::draw_right_wall( unsigned short, unsigned short, unsigned short )'
maze/test_maze.h(74): Warning! W726: col(85) no reference to formal parameter 'y'
maze/test_maze.h(74): Note! N392: col(81) definition: 'unsigned short y' in 'void game::draw_right_wall( unsigned short, unsigned short, unsigned short )'
C:\WATCOM\h\memory(128): Warning! W014: col(61) no reference to symbol 'face_x'
maze/test_maze.h(49): Note! N392: col(37) definition: 'unsigned short const game::face_x[4]'
C:\WATCOM\h\memory(128): Warning! W014: col(61) no reference to symbol 'face_y'
maze/test_maze.h(50): Note! N392: col(37) definition: 'unsigned short const game::face_y[4]'
C:\WATCOM\h\memory(128): Warning! W014: col(61) no reference to symbol 'left_x'
maze/test_maze.h(51): Note! N392: col(37) definition: 'unsigned short const game::left_x[4]'
C:\WATCOM\h\memory(128): Warning! W014: col(61) no reference to symbol 'left_y'
maze/test_maze.h(52): Note! N392: col(37) definition: 'unsigned short const game::left_y[4]'
C:\WATCOM\h\memory(128): Warning! W014: col(61) no reference to symbol 'right_x'
maze/test_maze.h(53): Note! N392: col(37) definition: 'unsigned short const game::right_x[4]'
C:\WATCOM\h\memory(128): Warning! W014: col(61) no reference to symbol 'right_y'
maze/test_maze.h(54): Note! N392: col(37) definition: 'unsigned short const game::right_y[4]'
